2024-05-04T04:36:38.452Z info: Start listen contract 0xFE05fFA2143dDea4a84b566519ACE84E2b5F6B0c on Network 0xa0c71fd
2024-05-04T04:41:57.116Z info: Start listen contract 0xFE05fFA2143dDea4a84b566519ACE84E2b5F6B0c on Network 0xa0c71fd
2024-05-04T04:42:11.477Z info: Start listen contract 0xFE05fFA2143dDea4a84b566519ACE84E2b5F6B0c on Network 0xa0c71fd
2024-05-04T04:42:28.009Z info: Start listen contract 0xFE05fFA2143dDea4a84b566519ACE84E2b5F6B0c on Network 0xa0c71fd
2024-05-04T04:44:43.114Z info: Start listen contract 0xFE05fFA2143dDea4a84b566519ACE84E2b5F6B0c on Network 0xa0c71fd
2024-05-04T04:48:29.529Z info: Start listen contract 0xFE05fFA2143dDea4a84b566519ACE84E2b5F6B0c on Network 0xa0c71fd
2024-05-04T04:48:29.537Z info: NFT minted
2024-05-04T04:48:29.546Z error: Converting circular structure to JSON
    --> starting at object with constructor 'Timeout'
    |     property '_idlePrev' -> object with constructor 'TimersList'
    --- property '_idleNext' closes the circle
2024-05-04T04:49:08.717Z info: Start listen contract 0xFE05fFA2143dDea4a84b566519ACE84E2b5F6B0c on Network 0xa0c71fd
2024-05-04T04:49:08.723Z info: NFT minted
2024-05-04T04:49:08.723Z info: {
   "address": "0x81a05b26cbfaec5e786736c451535e18a717bbb9",
   "amount": 1,
   "phaseId": 1
}
2024-05-04T04:50:55.426Z info: Start listen contract 0xFE05fFA2143dDea4a84b566519ACE84E2b5F6B0c on Network 0xa0c71fd
2024-05-04T04:50:55.431Z info: NFT minted
2024-05-04T04:50:55.431Z info: {
   "address": "0x81a05b26cbfaec5e786736c451535e18a717bbb9",
   "amount": 1,
   "phaseId": 1
}
2024-05-04T04:52:28.058Z info: Start listen contract 0xFE05fFA2143dDea4a84b566519ACE84E2b5F6B0c on Network 0xa0c71fd
2024-05-04T04:52:28.066Z info: NFT minted
2024-05-04T04:52:28.066Z info: {
   "address": "0x81a05b26cbfaec5e786736c451535e18a717bbb9",
   "amount": 1,
   "phaseId": 1
}
2024-05-04T06:42:32.926Z info: Start listen contract 0xFE05fFA2143dDea4a84b566519ACE84E2b5F6B0c on Network 0xa0c71fd
2024-05-04T07:07:36.122Z info: Start listen contract 0xFE05fFA2143dDea4a84b566519ACE84E2b5F6B0c on Network 0xa0c71fd
2024-05-04T07:08:30.167Z info: Start listen contract 0xFE05fFA2143dDea4a84b566519ACE84E2b5F6B0c on Network 0xa0c71fd
2024-05-04T07:08:52.796Z info: NFT minted
2024-05-04T07:08:52.797Z info: {
   "address": "0x81A05B26cBFAEc5e786736C451535E18A717bbb9",
   "amount": {
      "type": "BigNumber",
      "hex": "0x01"
   },
   "phaseId": {
      "type": "BigNumber",
      "hex": "0x01"
   }
}
2024-05-04T07:17:20.423Z info: NFT minted
2024-05-04T07:17:20.424Z info: {
   "address": "0x81A05B26cBFAEc5e786736C451535E18A717bbb9",
   "amount": {
      "type": "BigNumber",
      "hex": "0x01"
   },
   "phaseId": {
      "type": "BigNumber",
      "hex": "0x02"
   }
}
2024-05-04T07:25:57.574Z info: NFT minted
2024-05-04T07:25:57.575Z info: {
   "address": "0x81A05B26cBFAEc5e786736C451535E18A717bbb9",
   "amount": {
      "type": "BigNumber",
      "hex": "0x01"
   },
   "phaseId": {
      "type": "BigNumber",
      "hex": "0x01"
   }
}
2024-05-04T07:29:55.903Z info: NFT minted
2024-05-04T07:29:55.904Z info: {
   "address": "0x81A05B26cBFAEc5e786736C451535E18A717bbb9",
   "amount": {
      "type": "BigNumber",
      "hex": "0x01"
   },
   "phaseId": {
      "type": "BigNumber",
      "hex": "0x03"
   }
}
2024-05-04T07:31:55.936Z info: NFT minted
2024-05-04T07:31:55.937Z info: {
   "address": "0x81A05B26cBFAEc5e786736C451535E18A717bbb9",
   "amount": {
      "type": "BigNumber",
      "hex": "0x01"
   },
   "phaseId": {
      "type": "BigNumber",
      "hex": "0x03"
   }
}
2024-05-04T07:32:35.906Z info: NFT minted
2024-05-04T07:32:35.907Z info: {
   "address": "0x81A05B26cBFAEc5e786736C451535E18A717bbb9",
   "amount": {
      "type": "BigNumber",
      "hex": "0x01"
   },
   "phaseId": {
      "type": "BigNumber",
      "hex": "0x01"
   }
}
2024-05-04T07:42:40.741Z info: NFT minted
2024-05-04T07:42:40.742Z info: {
   "address": "0x81A05B26cBFAEc5e786736C451535E18A717bbb9",
   "amount": {
      "type": "BigNumber",
      "hex": "0x01"
   },
   "phaseId": {
      "type": "BigNumber",
      "hex": "0x03"
   }
}
2024-05-04T07:43:26.738Z info: NFT minted
2024-05-04T07:43:26.739Z info: {
   "address": "0x81A05B26cBFAEc5e786736C451535E18A717bbb9",
   "amount": {
      "type": "BigNumber",
      "hex": "0x01"
   },
   "phaseId": {
      "type": "BigNumber",
      "hex": "0x03"
   }
}
